c:\users\espag\downloads\er\cetroleopter-engine-0.75\cetroleopterengine\release\vc143.pdb
c:\users\espag\downloads\er\cetroleopter-engine-0.75\cetroleopterengine\release\log.obj
c:\users\espag\downloads\er\cetroleopter-engine-0.75\cetroleopterengine\release\light.obj
c:\users\espag\downloads\er\cetroleopter-engine-0.75\cetroleopterengine\release\jsonparsing.obj
c:\users\espag\downloads\er\cetroleopter-engine-0.75\cetroleopterengine\release\include_wwise.obj
c:\users\espag\downloads\er\cetroleopter-engine-0.75\cetroleopterengine\release\imgui_widgets.obj
c:\users\espag\downloads\er\cetroleopter-engine-0.75\cetroleopterengine\release\imgui_tables.obj
c:\users\espag\downloads\er\cetroleopter-engine-0.75\cetroleopterengine\release\imgui_impl_win32.obj
c:\users\espag\downloads\er\cetroleopter-engine-0.75\cetroleopterengine\release\imgui_impl_sdl.obj
c:\users\espag\downloads\er\cetroleopter-engine-0.75\cetroleopterengine\release\imgui_impl_opengl3.obj
c:\users\espag\downloads\er\cetroleopter-engine-0.75\cetroleopterengine\release\imgui_draw.obj
c:\users\espag\downloads\er\cetroleopter-engine-0.75\cetroleopterengine\release\imgui_demo.obj
c:\users\espag\downloads\er\cetroleopter-engine-0.75\cetroleopterengine\release\imgui.obj
c:\users\espag\downloads\er\cetroleopter-engine-0.75\cetroleopterengine\release\glmath.obj
c:\users\espag\downloads\er\cetroleopter-engine-0.75\cetroleopterengine\release\gameobjectswindow.obj
c:\users\espag\downloads\er\cetroleopter-engine-0.75\cetroleopterengine\release\debugsceneviewwindow.obj
c:\users\espag\downloads\er\cetroleopter-engine-0.75\cetroleopterengine\release\consolewindow.obj
c:\users\espag\downloads\er\cetroleopter-engine-0.75\cetroleopterengine\release\configurationwindow.obj
c:\users\espag\downloads\er\cetroleopter-engine-0.75\cetroleopterengine\release\color.obj
c:\users\espag\downloads\er\cetroleopter-engine-0.75\cetroleopterengine\release\application.obj
c:\users\espag\downloads\er\cetroleopter-engine-0.75\cetroleopterengine\release\aboutwindow.obj
c:\users\espag\downloads\er\cetroleopter-engine-0.75\cetroleopterengine\release\ray.obj
c:\users\espag\downloads\er\cetroleopter-engine-0.75\cetroleopterengine\release\polyhedron.obj
c:\users\espag\downloads\er\cetroleopter-engine-0.75\cetroleopterengine\release\polygon.obj
c:\users\espag\downloads\er\cetroleopter-engine-0.75\cetroleopterengine\release\plane.obj
c:\users\espag\downloads\er\cetroleopter-engine-0.75\cetroleopterengine\release\pbvolume.obj
c:\users\espag\downloads\er\cetroleopter-engine-0.75\cetroleopterengine\release\obb.obj
c:\users\espag\downloads\er\cetroleopter-engine-0.75\cetroleopterengine\release\linesegment2d.obj
c:\users\espag\downloads\er\cetroleopter-engine-0.75\cetroleopterengine\release\linesegment.obj
c:\users\espag\downloads\er\cetroleopter-engine-0.75\cetroleopterengine\release\line.obj
c:\users\espag\downloads\er\cetroleopter-engine-0.75\cetroleopterengine\release\frustum.obj
c:\users\espag\downloads\er\cetroleopter-engine-0.75\cetroleopterengine\release\circle2d.obj
c:\users\espag\downloads\er\cetroleopter-engine-0.75\cetroleopterengine\release\circle.obj
c:\users\espag\downloads\er\cetroleopter-engine-0.75\cetroleopterengine\release\capsule.obj
c:\users\espag\downloads\er\cetroleopter-engine-0.75\cetroleopterengine\release\aabb.obj
c:\users\espag\downloads\er\cetroleopter-engine-0.75\cetroleopterengine\release\sat.obj
c:\users\espag\downloads\er\cetroleopter-engine-0.75\cetroleopterengine\release\lcg.obj
c:\users\espag\downloads\er\cetroleopter-engine-0.75\cetroleopterengine\release\gjk2d.obj
c:\users\espag\downloads\er\cetroleopter-engine-0.75\cetroleopterengine\release\gjk.obj
c:\users\espag\downloads\er\cetroleopter-engine-0.75\cetroleopterengine\release\mainmenubar.obj
c:\users\espag\downloads\er\cetroleopter-engine-0.75\cetroleopterengine\release\main.obj
c:\users\espag\downloads\er\cetroleopter-engine-0.75\cetroleopterengine\release\quat.obj
c:\users\espag\downloads\er\cetroleopter-engine-0.75\cetroleopterengine\release\polynomial.obj
c:\users\espag\downloads\er\cetroleopter-engine-0.75\cetroleopterengine\release\minifloat.obj
c:\users\espag\downloads\er\cetroleopter-engine-0.75\cetroleopterengine\release\mathops.obj
c:\users\espag\downloads\er\cetroleopter-engine-0.75\cetroleopterengine\release\mathlog.obj
c:\users\espag\downloads\er\cetroleopter-engine-0.75\cetroleopterengine\release\mathfunc.obj
c:\users\espag\downloads\er\cetroleopter-engine-0.75\cetroleopterengine\release\grisu3_cpp.obj
c:\users\espag\downloads\er\cetroleopter-engine-0.75\cetroleopterengine\release\float4x4.obj
c:\users\espag\downloads\er\cetroleopter-engine-0.75\cetroleopterengine\release\float4d.obj
c:\users\espag\downloads\er\cetroleopter-engine-0.75\cetroleopterengine\release\float4.obj
c:\users\espag\downloads\er\cetroleopter-engine-0.75\cetroleopterengine\release\float3x4.obj
c:\users\espag\downloads\er\cetroleopter-engine-0.75\cetroleopterengine\release\float3x3.obj
c:\users\espag\downloads\er\cetroleopter-engine-0.75\cetroleopterengine\release\float3.obj
c:\users\espag\downloads\er\cetroleopter-engine-0.75\cetroleopterengine\release\float2.obj
c:\users\espag\downloads\er\cetroleopter-engine-0.75\cetroleopterengine\release\callstack.obj
c:\users\espag\downloads\er\cetroleopter-engine-0.75\cetroleopterengine\release\bitops.obj
c:\users\espag\downloads\er\cetroleopter-engine-0.75\cetroleopterengine\release\trianglemesh.obj
c:\users\espag\downloads\er\cetroleopter-engine-0.75\cetroleopterengine\release\triangle2d.obj
c:\users\espag\downloads\er\cetroleopter-engine-0.75\cetroleopterengine\release\triangle.obj
c:\users\espag\downloads\er\cetroleopter-engine-0.75\cetroleopterengine\release\sphere.obj
c:\users\espag\downloads\er\cetroleopter-engine-0.75\cetroleopterengine\release\moduletransformcomponent.obj
c:\users\espag\downloads\er\cetroleopter-engine-0.75\cetroleopterengine\release\moduletexturecomponent.obj
c:\users\espag\downloads\er\cetroleopter-engine-0.75\cetroleopterengine\release\modulesceneintro.obj
c:\users\espag\downloads\er\cetroleopter-engine-0.75\cetroleopterengine\release\modulesaveload.obj
c:\users\espag\downloads\er\cetroleopter-engine-0.75\cetroleopterengine\release\modulerenderer3d.obj
c:\users\espag\downloads\er\cetroleopter-engine-0.75\cetroleopterengine\release\modulemodelimport.obj
c:\users\espag\downloads\er\cetroleopter-engine-0.75\cetroleopterengine\release\modulemeshcomponent.obj
c:\users\espag\downloads\er\cetroleopter-engine-0.75\cetroleopterengine\release\moduleinput.obj
c:\users\espag\downloads\er\cetroleopter-engine-0.75\cetroleopterengine\release\modulegameobject.obj
c:\users\espag\downloads\er\cetroleopter-engine-0.75\cetroleopterengine\release\modulefs.obj
c:\users\espag\downloads\er\cetroleopter-engine-0.75\cetroleopterengine\release\modulecameracomponent.obj
c:\users\espag\downloads\er\cetroleopter-engine-0.75\cetroleopterengine\release\component.obj
c:\users\espag\downloads\er\cetroleopter-engine-0.75\cetroleopterengine\release\modulecamera3d.obj
c:\users\espag\downloads\er\cetroleopter-engine-0.75\cetroleopterengine\release\moduleaudiosourcecomponent.obj
c:\users\espag\downloads\er\cetroleopter-engine-0.75\cetroleopterengine\release\moduleaudiolistenercomponent.obj
c:\users\espag\downloads\er\cetroleopter-engine-0.75\cetroleopterengine\release\moduleaudio.obj
c:\users\espag\downloads\er\cetroleopter-engine-0.75\cetroleopterengine\release\mmgr.obj
c:\users\espag\downloads\er\cetroleopter-engine-0.75\cetroleopterengine\release\clock.obj
c:\users\espag\downloads\er\cetroleopter-engine-0.75\cetroleopterengine\release\transformops.obj
c:\users\espag\downloads\er\cetroleopter-engine-0.75\cetroleopterengine\release\ssemath.obj
c:\users\espag\downloads\er\cetroleopter-engine-0.75\cetroleopterengine\release\stdafx.obj
c:\users\espag\downloads\er\cetroleopter-engine-0.75\cetroleopterengine\release\akdefaultiohookdeferred.obj
c:\users\espag\downloads\er\cetroleopter-engine-0.75\cetroleopterengine\release\akdefaultiohookblocking.obj
c:\users\espag\downloads\er\cetroleopter-engine-0.75\cetroleopterengine\release\akfilepackagelut.obj
c:\users\espag\downloads\er\cetroleopter-engine-0.75\cetroleopterengine\release\akfilepackage.obj
c:\users\espag\downloads\er\cetroleopter-engine-0.75\cetroleopterengine\release\akfilelocationbase.obj
c:\users\espag\downloads\er\cetroleopter-engine-0.75\cetroleopterengine\release\akdefaultlowleveliodispatcher.obj
c:\users\espag\downloads\er\cetroleopter-engine-0.75\cetroleopterengine\release\timer.obj
c:\users\espag\downloads\er\cetroleopter-engine-0.75\cetroleopterengine\release\ressourceswindow.obj
c:\users\espag\downloads\er\cetroleopter-engine-0.75\cetroleopterengine\release\primitive.obj
c:\users\espag\downloads\er\cetroleopter-engine-0.75\cetroleopterengine\release\objectsinspectorwindow.obj
c:\users\espag\downloads\er\cetroleopter-engine-0.75\cetroleopterengine\release\modulewindow.obj
c:\users\espag\downloads\er\cetroleopter-engine-0.75\cetroleopterengine\release\moduleui.obj
c:\users\espag\downloads\er\cetroleopter-engine-0.75\cetroleopterengine\release\physfsrwops.obj
c:\users\espag\downloads\er\cetroleopter-engine-0.75\cetroleopterengine\release\grisu3.obj
c:\users\espag\downloads\er\cetroleopter-engine-0.75\cetroleopterengine\release\parson.obj
c:\users\espag\downloads\er\cetroleopter-engine-0.75\cetroleopterengine\release\radengine.exe
c:\users\espag\downloads\er\cetroleopter-engine-0.75\cetroleopterengine\release\radengine.pdb
c:\users\espag\downloads\er\cetroleopter-engine-0.75\cetroleopterengine\release\radengine.lib
c:\users\espag\downloads\er\cetroleopter-engine-0.75\cetroleopterengine\release\radengine.exp
c:\users\espag\downloads\er\cetroleopter-engine-0.75\cetroleopterengine\release\radengine.ipdb
c:\users\espag\downloads\er\cetroleopter-engine-0.75\cetroleopterengine\release\radengine.iobj
c:\users\espag\onedrive\documentos\github\rad-engine\radengine\release\aabb.obj
c:\users\espag\onedrive\documentos\github\rad-engine\radengine\release\aboutwindow.obj
c:\users\espag\onedrive\documentos\github\rad-engine\radengine\release\akdefaultiohookblocking.obj
c:\users\espag\onedrive\documentos\github\rad-engine\radengine\release\akdefaultiohookdeferred.obj
c:\users\espag\onedrive\documentos\github\rad-engine\radengine\release\akdefaultlowleveliodispatcher.obj
c:\users\espag\onedrive\documentos\github\rad-engine\radengine\release\akfilelocationbase.obj
c:\users\espag\onedrive\documentos\github\rad-engine\radengine\release\akfilepackage.obj
c:\users\espag\onedrive\documentos\github\rad-engine\radengine\release\akfilepackagelut.obj
c:\users\espag\onedrive\documentos\github\rad-engine\radengine\release\application.obj
c:\users\espag\onedrive\documentos\github\rad-engine\radengine\release\bitops.obj
c:\users\espag\onedrive\documentos\github\rad-engine\radengine\release\callstack.obj
c:\users\espag\onedrive\documentos\github\rad-engine\radengine\release\capsule.obj
c:\users\espag\onedrive\documentos\github\rad-engine\radengine\release\circle.obj
c:\users\espag\onedrive\documentos\github\rad-engine\radengine\release\circle2d.obj
c:\users\espag\onedrive\documentos\github\rad-engine\radengine\release\clock.obj
c:\users\espag\onedrive\documentos\github\rad-engine\radengine\release\color.obj
c:\users\espag\onedrive\documentos\github\rad-engine\radengine\release\component.obj
c:\users\espag\onedrive\documentos\github\rad-engine\radengine\release\configurationwindow.obj
c:\users\espag\onedrive\documentos\github\rad-engine\radengine\release\consolewindow.obj
c:\users\espag\onedrive\documentos\github\rad-engine\radengine\release\debugsceneviewwindow.obj
c:\users\espag\onedrive\documentos\github\rad-engine\radengine\release\float2.obj
c:\users\espag\onedrive\documentos\github\rad-engine\radengine\release\float3.obj
c:\users\espag\onedrive\documentos\github\rad-engine\radengine\release\float3x3.obj
c:\users\espag\onedrive\documentos\github\rad-engine\radengine\release\float3x4.obj
c:\users\espag\onedrive\documentos\github\rad-engine\radengine\release\float4.obj
c:\users\espag\onedrive\documentos\github\rad-engine\radengine\release\float4d.obj
c:\users\espag\onedrive\documentos\github\rad-engine\radengine\release\float4x4.obj
c:\users\espag\onedrive\documentos\github\rad-engine\radengine\release\frustum.obj
c:\users\espag\onedrive\documentos\github\rad-engine\radengine\release\gameobjectswindow.obj
c:\users\espag\onedrive\documentos\github\rad-engine\radengine\release\gjk.obj
c:\users\espag\onedrive\documentos\github\rad-engine\radengine\release\gjk2d.obj
c:\users\espag\onedrive\documentos\github\rad-engine\radengine\release\glmath.obj
c:\users\espag\onedrive\documentos\github\rad-engine\radengine\release\grisu3.obj
c:\users\espag\onedrive\documentos\github\rad-engine\radengine\release\grisu3_cpp.obj
c:\users\espag\onedrive\documentos\github\rad-engine\radengine\release\imgui.obj
c:\users\espag\onedrive\documentos\github\rad-engine\radengine\release\imgui_demo.obj
c:\users\espag\onedrive\documentos\github\rad-engine\radengine\release\imgui_draw.obj
c:\users\espag\onedrive\documentos\github\rad-engine\radengine\release\imgui_impl_opengl3.obj
c:\users\espag\onedrive\documentos\github\rad-engine\radengine\release\imgui_impl_sdl.obj
c:\users\espag\onedrive\documentos\github\rad-engine\radengine\release\imgui_impl_win32.obj
c:\users\espag\onedrive\documentos\github\rad-engine\radengine\release\imgui_tables.obj
c:\users\espag\onedrive\documentos\github\rad-engine\radengine\release\imgui_widgets.obj
c:\users\espag\onedrive\documentos\github\rad-engine\radengine\release\include_wwise.obj
c:\users\espag\onedrive\documentos\github\rad-engine\radengine\release\jsonparsing.obj
c:\users\espag\onedrive\documentos\github\rad-engine\radengine\release\lcg.obj
c:\users\espag\onedrive\documentos\github\rad-engine\radengine\release\light.obj
c:\users\espag\onedrive\documentos\github\rad-engine\radengine\release\line.obj
c:\users\espag\onedrive\documentos\github\rad-engine\radengine\release\linesegment.obj
c:\users\espag\onedrive\documentos\github\rad-engine\radengine\release\linesegment2d.obj
c:\users\espag\onedrive\documentos\github\rad-engine\radengine\release\log.obj
c:\users\espag\onedrive\documentos\github\rad-engine\radengine\release\main.obj
c:\users\espag\onedrive\documentos\github\rad-engine\radengine\release\mainmenubar.obj
c:\users\espag\onedrive\documentos\github\rad-engine\radengine\release\mathfunc.obj
c:\users\espag\onedrive\documentos\github\rad-engine\radengine\release\mathlog.obj
c:\users\espag\onedrive\documentos\github\rad-engine\radengine\release\mathops.obj
c:\users\espag\onedrive\documentos\github\rad-engine\radengine\release\minifloat.obj
c:\users\espag\onedrive\documentos\github\rad-engine\radengine\release\mmgr.obj
c:\users\espag\onedrive\documentos\github\rad-engine\radengine\release\moduleaudio.obj
c:\users\espag\onedrive\documentos\github\rad-engine\radengine\release\moduleaudiolistenercomponent.obj
c:\users\espag\onedrive\documentos\github\rad-engine\radengine\release\moduleaudiosourcecomponent.obj
c:\users\espag\onedrive\documentos\github\rad-engine\radengine\release\modulecamera3d.obj
c:\users\espag\onedrive\documentos\github\rad-engine\radengine\release\modulecameracomponent.obj
c:\users\espag\onedrive\documentos\github\rad-engine\radengine\release\modulefs.obj
c:\users\espag\onedrive\documentos\github\rad-engine\radengine\release\modulegameobject.obj
c:\users\espag\onedrive\documentos\github\rad-engine\radengine\release\moduleinput.obj
c:\users\espag\onedrive\documentos\github\rad-engine\radengine\release\modulemeshcomponent.obj
c:\users\espag\onedrive\documentos\github\rad-engine\radengine\release\modulemodelimport.obj
c:\users\espag\onedrive\documentos\github\rad-engine\radengine\release\modulerenderer3d.obj
c:\users\espag\onedrive\documentos\github\rad-engine\radengine\release\modulesaveload.obj
c:\users\espag\onedrive\documentos\github\rad-engine\radengine\release\modulesceneintro.obj
c:\users\espag\onedrive\documentos\github\rad-engine\radengine\release\moduletexturecomponent.obj
c:\users\espag\onedrive\documentos\github\rad-engine\radengine\release\moduletransformcomponent.obj
c:\users\espag\onedrive\documentos\github\rad-engine\radengine\release\moduleui.obj
c:\users\espag\onedrive\documentos\github\rad-engine\radengine\release\modulewindow.obj
c:\users\espag\onedrive\documentos\github\rad-engine\radengine\release\obb.obj
c:\users\espag\onedrive\documentos\github\rad-engine\radengine\release\objectsinspectorwindow.obj
c:\users\espag\onedrive\documentos\github\rad-engine\radengine\release\parson.obj
c:\users\espag\onedrive\documentos\github\rad-engine\radengine\release\pbvolume.obj
c:\users\espag\onedrive\documentos\github\rad-engine\radengine\release\physfsrwops.obj
c:\users\espag\onedrive\documentos\github\rad-engine\radengine\release\plane.obj
c:\users\espag\onedrive\documentos\github\rad-engine\radengine\release\polygon.obj
c:\users\espag\onedrive\documentos\github\rad-engine\radengine\release\polyhedron.obj
c:\users\espag\onedrive\documentos\github\rad-engine\radengine\release\polynomial.obj
c:\users\espag\onedrive\documentos\github\rad-engine\radengine\release\primitive.obj
c:\users\espag\onedrive\documentos\github\rad-engine\radengine\release\quat.obj
c:\users\espag\onedrive\documentos\github\rad-engine\radengine\release\ray.obj
c:\users\espag\onedrive\documentos\github\rad-engine\radengine\release\ressourceswindow.obj
c:\users\espag\onedrive\documentos\github\rad-engine\radengine\release\sat.obj
c:\users\espag\onedrive\documentos\github\rad-engine\radengine\release\sphere.obj
c:\users\espag\onedrive\documentos\github\rad-engine\radengine\release\ssemath.obj
c:\users\espag\onedrive\documentos\github\rad-engine\radengine\release\stdafx.obj
c:\users\espag\onedrive\documentos\github\rad-engine\radengine\release\timer.obj
c:\users\espag\onedrive\documentos\github\rad-engine\radengine\release\transformops.obj
c:\users\espag\onedrive\documentos\github\rad-engine\radengine\release\triangle.obj
c:\users\espag\onedrive\documentos\github\rad-engine\radengine\release\triangle2d.obj
c:\users\espag\onedrive\documentos\github\rad-engine\radengine\release\trianglemesh.obj
c:\users\espag\onedrive\documentos\github\rad-engine\radengine\release\radengine.ipdb
c:\users\espag\onedrive\documentos\github\rad-engine\radengine\release\radengine.iobj
c:\users\espag\onedrive\documentos\github\rad-engine\radengine\release\radengine.exp
c:\users\espag\onedrive\documentos\github\rad-engine\radengine\release\radengine.pdb
c:\users\espag\onedrive\documentos\github\rad-engine\radengine\release\vc143.pdb
c:\users\espag\onedrive\documentos\github\rad-engine\radengine\release\radengine.exe
c:\users\espag\onedrive\documentos\github\rad-engine\radengine\release\radengine.tlog\cl.command.1.tlog
c:\users\espag\onedrive\documentos\github\rad-engine\radengine\release\radengine.tlog\cl.read.1.tlog
c:\users\espag\onedrive\documentos\github\rad-engine\radengine\release\radengine.tlog\cl.write.1.tlog
c:\users\espag\onedrive\documentos\github\rad-engine\radengine\release\radengine.tlog\link.command.1.tlog
c:\users\espag\onedrive\documentos\github\rad-engine\radengine\release\radengine.tlog\link.read.1.tlog
c:\users\espag\onedrive\documentos\github\rad-engine\radengine\release\radengine.tlog\link.write.1.tlog
c:\users\espag\onedrive\documentos\github\rad-engine\radengine\release\radengine.tlog\link.write.2u.tlog
