 ---------------------------------------------------------------------------------------------------------------------------------- 
|                                          Memory leak report for:  01/24/2024 23:33:36                                            |
 ---------------------------------------------------------------------------------------------------------------------------------- 


192 memory leaks found:

Alloc.   Addr       Size       Addr       Size                        BreakOn BreakOn              
Number Reported   Reported    Actual     Actual     Unused    Method  Dealloc Realloc Allocated by 
------ ---------- ---------- ---------- ---------- ---------- -------- ------- ------- --------------------------------------------------- 
000122 0x112F0000 0x00035FD0 0x112EFFF0 0x00035FF0 0x00000000 new[]       N       N    ??(00000)::??
000128 0x03950030 0x000D7F40 0x03950020 0x000D7F60 0x000C5F58 new[]       N       N    ??(00000)::??
000091 0x114501F0 0x00000198 0x114501E0 0x000001B8 0x00000000 new[]       N       N    ??(00000)::??
000110 0x114503B0 0x000000D4 0x114503A0 0x000000F4 0x00000000 new         N       N    ??(00000)::??
000224 0x11450558 0x00000008 0x11450548 0x00000028 0x00000000 new         N       N    ??(00000)::??
000345 0x11450588 0x00000004 0x11450578 0x00000024 0x00000000 new         N       N    ??(00000)::??
000104 0x114505B8 0x00000004 0x114505A8 0x00000024 0x00000000 new         N       N    ??(00000)::??
000297 0x10F10620 0x00002E80 0x10F10610 0x00002EA0 0x00000000 new[]       N       N    ??(00000)::??
000351 0x1B280650 0x000000D4 0x1B280640 0x000000F4 0x00000000 new         N       N    ??(00000)::??
000207 0x11450678 0x00000004 0x11450668 0x00000024 0x00000000 new         N       N    ??(00000)::??
000173 0x11450798 0x00000004 0x11450788 0x00000024 0x00000000 new         N       N    ??(00000)::??
000242 0x114507C8 0x00000004 0x114507B8 0x00000024 0x00000000 new         N       N    ??(00000)::??
000380 0x11450858 0x00000004 0x11450848 0x00000024 0x00000000 new         N       N    ??(00000)::??
000205 0x10C608B8 0x00000020 0x10C608A8 0x00000040 0x00000000 new         N       N    ??(00000)::??
000139 0x114508E8 0x00000004 0x114508D8 0x00000024 0x00000000 new         N       N    ??(00000)::??
000381 0x1AF20958 0x0003DF31 0x1AF20948 0x0003DF51 0x00000000 new[]       N       N    ??(00000)::??
000311 0x11450978 0x00000004 0x11450968 0x00000024 0x00000000 new         N       N    ??(00000)::??
000276 0x11450A98 0x00000004 0x11450A88 0x00000024 0x00000000 new         N       N    ??(00000)::??
000074 0x10310AB8 0x00000140 0x10310AA8 0x00000160 0x00000018 new         N       N    ??(00000)::??
000300 0x1AE70B78 0x000067E8 0x1AE70B68 0x00006808 0x00002640 new[]       N       N    ??(00000)::??
000218 0x10C60BD0 0x0000001C 0x10C60BC0 0x0000003C 0x00000000 new         N       N    ??(00000)::??
000108 0x10310D88 0x00000140 0x10310D78 0x00000160 0x00000018 new         N       N    ??(00000)::??
000216 0x10C60F78 0x00000020 0x10C60F68 0x00000040 0x00000000 new         N       N    ??(00000)::??
000129 0x1AF90FC8 0x00065918 0x1AF90FB8 0x00065938 0x00023FE0 new[]       N       N    ??(00000)::??
000126 0x1AEF0FF0 0x0002F940 0x1AEF0FE0 0x0002F960 0x00000000 new[]       N       N    ??(00000)::??
000277 0x1CD61030 0x00185945 0x1CD61020 0x00185965 0x00000000 new[]       N       N    ??(00000)::??
000199 0x1ED01030 0x001A4BD1 0x1ED01020 0x001A4BF1 0x00000000 new[]       N       N    ??(00000)::??
000096 0x1A321030 0x0012CCA1 0x1A321020 0x0012CCC1 0x00000000 new[]       N       N    ??(00000)::??
000317 0x1B281050 0x000000D4 0x1B281040 0x000000F4 0x00000000 new         N       N    ??(00000)::??
000171 0x10C61290 0x00000020 0x10C61280 0x00000040 0x00000000 new         N       N    ??(00000)::??
000182 0x10C612D8 0x00000020 0x10C612C8 0x00000040 0x00000000 new         N       N    ??(00000)::??
000184 0x10C61320 0x0000001C 0x10C61310 0x0000003C 0x00000000 new         N       N    ??(00000)::??
000314 0x11731378 0x00000058 0x11731368 0x00000078 0x00000000 new         N       N    ??(00000)::??
000119 0x103113C0 0x00000018 0x103113B0 0x00000038 0x00000000 new         N       N    ??(00000)::??
000101 0x102F1418 0x00000050 0x102F1408 0x00000070 0x0000000C new         N       N    ??(00000)::??
000360 0x10311540 0x00000018 0x10311530 0x00000038 0x00000000 new         N       N    ??(00000)::??
000154 0x103115C0 0x00000018 0x103115B0 0x00000038 0x00000000 new         N       N    ??(00000)::??
000107 0x117315F8 0x00000058 0x117315E8 0x00000078 0x00000000 new         N       N    ??(00000)::??
000085 0x10311640 0x00000018 0x10311630 0x00000038 0x00000000 new         N       N    ??(00000)::??
000348 0x117316F8 0x00000058 0x117316E8 0x00000078 0x00000000 new         N       N    ??(00000)::??
000245 0x11731778 0x00000058 0x11731768 0x00000078 0x00000000 new         N       N    ??(00000)::??
000189 0x103117C0 0x00000018 0x103117B0 0x00000038 0x00000000 new         N       N    ??(00000)::??
000352 0x1B241800 0x00000238 0x1B2417F0 0x00000258 0x000000A0 new         N       N    ??(00000)::??
000273 0x10C61848 0x00000040 0x10C61838 0x00000060 0x00000000 new         N       N    ??(00000)::??
000177 0x117318F8 0x00000058 0x117318E8 0x00000078 0x00000000 new         N       N    ??(00000)::??
000257 0x10311900 0x00000018 0x103118F0 0x00000038 0x00000000 new         N       N    ??(00000)::??
000326 0x10311980 0x00000018 0x10311970 0x00000038 0x00000000 new         N       N    ??(00000)::??
000291 0x103119C0 0x00000018 0x103119B0 0x00000038 0x00000000 new         N       N    ??(00000)::??
000223 0x10311B40 0x00000018 0x10311B30 0x00000038 0x00000000 new         N       N    ??(00000)::??
000142 0x11731BF8 0x00000058 0x11731BE8 0x00000078 0x00000000 new         N       N    ??(00000)::??
000211 0x11731F78 0x00000058 0x11731F68 0x00000078 0x00000000 new         N       N    ??(00000)::??
000197 0x1EBC2030 0x0013B128 0x1EBC2020 0x0013B148 0x0008A540 new[]       N       N    ??(00000)::??
000265 0x1B282108 0x000041A0 0x1B2820F8 0x000041C0 0x00003C30 new[]       N       N    ??(00000)::??
000275 0x10C62208 0x00000040 0x10C621F8 0x00000060 0x00000000 new         N       N    ??(00000)::??
000279 0x11732278 0x00000058 0x11732268 0x00000078 0x00000000 new         N       N    ??(00000)::??
000318 0x1B242670 0x00000238 0x1B242660 0x00000258 0x000000A0 new         N       N    ??(00000)::??
000299 0x11102920 0x0000E580 0x11102910 0x0000E5A0 0x0000D260 new[]       N       N    ??(00000)::??
000378 0x10312B00 0x00000030 0x10312AF0 0x00000050 0x00000008 new         N       N    ??(00000)::??
000073 0x10FF2ED8 0x00000058 0x10FF2EC8 0x00000078 0x00000000 new         N       N    ??(00000)::??
000298 0x10F134C8 0x00003960 0x10F134B8 0x00003980 0x00000000 new[]       N       N    ??(00000)::??
000328 0x10F33B68 0x00005658 0x10F33B58 0x00005678 0x00000000 new[]       N       N    ??(00000)::??
000080 0x11453BB0 0x0000001C 0x11453BA0 0x0000003C 0x00000000 new         N       N    ??(00000)::??
000078 0x11453C88 0x00000020 0x11453C78 0x00000040 0x00000000 new         N       N    ??(00000)::??
000181 0x20C93CD8 0x00000238 0x20C93CC8 0x00000258 0x000000A0 new         N       N    ??(00000)::??
000229 0x20C93F38 0x0007D820 0x20C93F28 0x0007D840 0x00000000 new[]       N       N    ??(00000)::??
000127 0x116E3F90 0x00035FD0 0x116E3F80 0x00035FF0 0x00000000 new[]       N       N    ??(00000)::??
000337 0x1B034018 0x0007D0AB 0x1B034008 0x0007D0CB 0x00000000 new[]       N       N    ??(00000)::??
000248 0x014A4348 0x000000D4 0x014A4338 0x000000F4 0x00000000 new         N       N    ??(00000)::??
000334 0x1AE849F0 0x00007B98 0x1AE849E0 0x00007BB8 0x00003990 new[]       N       N    ??(00000)::??
000103 0x11594A88 0x00000050 0x11594A78 0x00000070 0x0000000C new         N       N    ??(00000)::??
000282 0x1B384EE8 0x000000D4 0x1B384ED8 0x000000F4 0x00000000 new         N       N    ??(00000)::??
000208 0x1F5A5030 0x001E58DE 0x1F5A5020 0x001E58FE 0x00000000 new[]       N       N    ??(00000)::??
000162 0x1D495030 0x002A2280 0x1D495020 0x002A22A0 0x00269FA0 new[]       N       N    ??(00000)::??
000263 0x1B265570 0x00000FF0 0x1B265560 0x00001010 0x00000000 new[]       N       N    ??(00000)::??
000231 0x210B6030 0x00331980 0x210B6020 0x003319A0 0x002ED760 new[]       N       N    ??(00000)::??
000266 0x1B2862D0 0x00002060 0x1B2862C0 0x00002080 0x00000AF0 new[]       N       N    ??(00000)::??
000264 0x207264A8 0x00001068 0x20726498 0x00001088 0x00000000 new[]       N       N    ??(00000)::??
000268 0x1CBD7030 0x0017F4D5 0x1CBD7020 0x0017F4F5 0x00000000 new[]       N       N    ??(00000)::??
000230 0x1F797030 0x000CC660 0x1F797020 0x000CC680 0x00000000 new[]       N       N    ??(00000)::??
000076 0x112E7250 0x000000D4 0x112E7240 0x000000F4 0x00000000 new         N       N    ??(00000)::??
000303 0x1AE77388 0x00002EEE 0x1AE77378 0x00002F0E 0x00000000 new[]       N       N    ??(00000)::??
000371 0x1B117648 0x00038215 0x1B117638 0x00038235 0x00000000 new[]       N       N    ??(00000)::??
000368 0x23598030 0x003EBB00 0x23598020 0x003EBB20 0x003980C4 new[]       N       N    ??(00000)::??
000191 0x04508030 0x000CF7E0 0x04508020 0x000CF800 0x00000000 new[]       N       N    ??(00000)::??
000131 0x03A38030 0x00830591 0x03A38020 0x008305B1 0x00000000 new[]       N       N    ??(00000)::??
000183 0x10C48050 0x00000030 0x10C48040 0x00000050 0x00000000 new         N       N    ??(00000)::??
000344 0x10C480A8 0x00000030 0x10C48098 0x00000050 0x0000000C new         N       N    ??(00000)::??
000075 0x10C481B0 0x0000002C 0x10C481A0 0x0000004C 0x00000004 new         N       N    ??(00000)::??
000204 0x10C48208 0x00000030 0x10C481F8 0x00000050 0x0000000C new         N       N    ??(00000)::??
000206 0x10C48260 0x00000030 0x10C48250 0x00000050 0x0000000C new         N       N    ??(00000)::??
000213 0x10C48310 0x0000002C 0x10C48300 0x0000004C 0x00000004 new         N       N    ??(00000)::??
000109 0x10C483C0 0x0000002C 0x10C483B0 0x0000004C 0x00000004 new         N       N    ??(00000)::??
000113 0x10C484C8 0x00000030 0x10C484B8 0x00000050 0x00000000 new         N       N    ??(00000)::??
000251 0x10C48578 0x00000030 0x10C48568 0x00000050 0x00000000 new         N       N    ??(00000)::??
000179 0x10C485D0 0x0000002C 0x10C485C0 0x0000004C 0x00000004 new         N       N    ??(00000)::??
000079 0x10C48628 0x00000030 0x10C48618 0x00000050 0x00000000 new         N       N    ??(00000)::??
000217 0x10C48680 0x00000030 0x10C48670 0x00000050 0x00000000 new         N       N    ??(00000)::??
000136 0x10C48730 0x00000030 0x10C48720 0x00000050 0x00000000 new         N       N    ??(00000)::??
000170 0x10C48788 0x00000030 0x10C48778 0x00000050 0x0000000C new         N       N    ??(00000)::??
000138 0x10C487E0 0x00000030 0x10C487D0 0x00000050 0x00000000 new         N       N    ??(00000)::??
000144 0x10C48838 0x0000002C 0x10C48828 0x0000004C 0x00000004 new         N       N    ??(00000)::??
000172 0x10C48890 0x00000030 0x10C48880 0x00000050 0x0000000C new         N       N    ??(00000)::??
000180 0x10F28988 0x000000D4 0x10F28978 0x000000F4 0x00000000 new         N       N    ??(00000)::??
000148 0x10C48998 0x00000030 0x10C48988 0x00000050 0x00000000 new         N       N    ??(00000)::??
000332 0x1AE689C0 0x00005658 0x1AE689B0 0x00005678 0x00000000 new[]       N       N    ??(00000)::??
000247 0x10C489F0 0x0000002C 0x10C489E0 0x0000004C 0x00000004 new         N       N    ??(00000)::??
000343 0x10C48A48 0x00000030 0x10C48A38 0x00000050 0x00000004 new         N       N    ??(00000)::??
000285 0x10C48B50 0x00000030 0x10C48B40 0x00000050 0x00000000 new         N       N    ??(00000)::??
000350 0x10C48D60 0x0000002C 0x10C48D50 0x0000004C 0x00000004 new         N       N    ??(00000)::??
000342 0x10C48DB8 0x00000030 0x10C48DA8 0x00000050 0x0000000C new         N       N    ??(00000)::??
000239 0x10C48E10 0x00000030 0x10C48E00 0x00000050 0x0000000C new         N       N    ??(00000)::??
000241 0x10C48E68 0x00000030 0x10C48E58 0x00000050 0x0000000C new         N       N    ??(00000)::??
000316 0x10C48EC0 0x0000002C 0x10C48EB0 0x0000004C 0x00000004 new         N       N    ??(00000)::??
000320 0x10C48F18 0x00000030 0x10C48F08 0x00000050 0x00000000 new         N       N    ??(00000)::??
000354 0x10C48F70 0x00000030 0x10C48F60 0x00000050 0x00000000 new         N       N    ??(00000)::??
000281 0x10C48FC8 0x0000002C 0x10C48FB8 0x0000004C 0x00000004 new         N       N    ??(00000)::??
000367 0x1D2F9030 0x000FAEC0 0x1D2F9020 0x000FAEE0 0x00000000 new[]       N       N    ??(00000)::??
000346 0x045E9030 0x0008C02C 0x045E9020 0x0008C04C 0x00000000 new[]       N       N    ??(00000)::??
000194 0x1B319030 0x0006B940 0x1B319020 0x0006B960 0x00000000 new[]       N       N    ??(00000)::??
000165 0x1C719030 0x001A4BD1 0x1C719020 0x001A4BF1 0x00000000 new[]       N       N    ??(00000)::??
000157 0x04279030 0x000A88A0 0x04279020 0x000A88C0 0x00000000 new[]       N       N    ??(00000)::??
000140 0x1BC49030 0x009480E4 0x1BC49020 0x00948104 0x00000000 new[]       N       N    ??(00000)::??
000145 0x10F299B8 0x000000D4 0x10F299A8 0x000000F4 0x00000000 new         N       N    ??(00000)::??
000093 0x10F29AC8 0x00000CC0 0x10F29AB8 0x00000CE0 0x00000BB8 new[]       N       N    ??(00000)::??
000007 0x01479CD8 0x00000238 0x01479CC8 0x00000258 0x000000A0 new         N       N    ??(00000)::??
000174 0x1C9DA030 0x001E58DE 0x1C9DA020 0x001E58FE 0x00000000 new[]       N       N    ??(00000)::??
000312 0x1AE7A2A0 0x000019DC 0x1AE7A290 0x000019FC 0x00000000 new[]       N       N    ??(00000)::??
000212 0x1171A550 0x00000140 0x1171A540 0x00000160 0x00000018 new         N       N    ??(00000)::??
000353 0x1173A5F8 0x00000020 0x1173A5E8 0x00000040 0x00000000 new         N       N    ??(00000)::??
000355 0x1173A640 0x0000001C 0x1173A630 0x0000003C 0x00000000 new         N       N    ??(00000)::??
000114 0x1173A6D0 0x0000001C 0x1173A6C0 0x0000003C 0x00000000 new         N       N    ??(00000)::??
000102 0x1173A718 0x00000020 0x1173A708 0x00000040 0x00000000 new         N       N    ??(00000)::??
000147 0x1173A760 0x00000020 0x1173A750 0x00000040 0x00000000 new         N       N    ??(00000)::??
000094 0x10F2A7B0 0x000004D0 0x10F2A7A0 0x000004F0 0x00000220 new[]       N       N    ??(00000)::??
000331 0x20C5A868 0x00002538 0x20C5A858 0x00002558 0x00000000 new[]       N       N    ??(00000)::??
000112 0x1173AA78 0x00000020 0x1173AA68 0x00000040 0x00000000 new         N       N    ??(00000)::??
000149 0x1173AAC0 0x0000001C 0x1173AAB0 0x0000003C 0x00000000 new         N       N    ??(00000)::??
000349 0x1171ADC0 0x00000140 0x1171ADB0 0x00000160 0x00000018 new         N       N    ??(00000)::??
000315 0x1171AF28 0x00000140 0x1171AF18 0x00000160 0x00000018 new         N       N    ??(00000)::??
000137 0x1173B018 0x00000020 0x1173B008 0x00000040 0x00000000 new         N       N    ??(00000)::??
000363 0x1C5AB030 0x000FAEC0 0x1C5AB020 0x000FAEE0 0x00000000 new[]       N       N    ??(00000)::??
000161 0x0433B030 0x000A88A0 0x0433B020 0x000A88C0 0x00000000 new[]       N       N    ??(00000)::??
000246 0x1171B1F8 0x00000140 0x1171B1E8 0x00000160 0x00000018 new         N       N    ??(00000)::??
000250 0x1173B378 0x00000020 0x1173B368 0x00000040 0x00000000 new         N       N    ??(00000)::??
000252 0x1173B4E0 0x0000001C 0x1173B4D0 0x0000003C 0x00000000 new         N       N    ??(00000)::??
000240 0x1173B570 0x00000020 0x1173B560 0x00000040 0x00000000 new         N       N    ??(00000)::??
000280 0x1171B630 0x00000140 0x1171B620 0x00000160 0x00000018 new         N       N    ??(00000)::??
000143 0x1171B798 0x00000140 0x1171B788 0x00000160 0x00000018 new         N       N    ??(00000)::??
000379 0x2509BAF0 0x00000030 0x2509BAE0 0x00000050 0x00000008 new         N       N    ??(00000)::??
000178 0x1171BBD0 0x00000140 0x1171BBC0 0x00000160 0x00000018 new         N       N    ??(00000)::??
000088 0x1146BD90 0x00000330 0x1146BD80 0x00000350 0x00000000 new[]       N       N    ??(00000)::??
000215 0x112EC028 0x00000238 0x112EC018 0x00000258 0x000000A0 new         N       N    ??(00000)::??
000234 0x1FEDC030 0x001A4BD1 0x1FEDC020 0x001A4BF1 0x00000000 new[]       N       N    ??(00000)::??
000232 0x1F87C030 0x00149E88 0x1F87C020 0x00149EA8 0x00088440 new[]       N       N    ??(00000)::??
000225 0x1EEBC030 0x000CC660 0x1EEBC020 0x000CC680 0x00000000 new[]       N       N    ??(00000)::??
000163 0x043FC030 0x000FCCF8 0x043FC020 0x000FCD18 0x000705C0 new[]       N       N    ??(00000)::??
000105 0x1A66C030 0x00137D20 0x1A66C020 0x00137D40 0x00000000 new[]       N       N    ??(00000)::??
000283 0x112EC4F8 0x00000238 0x112EC4E8 0x00000258 0x000000A0 new         N       N    ??(00000)::??
000333 0x1AF6C530 0x00015960 0x1AF6C520 0x00015980 0x00013C98 new[]       N       N    ??(00000)::??
000092 0x1146C5F0 0x00000330 0x1146C5E0 0x00000350 0x00000000 new[]       N       N    ??(00000)::??
000160 0x206CD018 0x00054450 0x206CD008 0x00054470 0x00000000 new[]       N       N    ??(00000)::??
000195 0x1D74D030 0x000CF7E0 0x1D74D020 0x000CF800 0x00000000 new[]       N       N    ??(00000)::??
000293 0x1146D048 0x00000038 0x1146D038 0x00000058 0x00000000 new         N       N    ??(00000)::??
000362 0x1146D0A8 0x00000038 0x1146D098 0x00000058 0x00000000 new         N       N    ??(00000)::??
000327 0x1146D228 0x00000038 0x1146D218 0x00000058 0x00000000 new         N       N    ??(00000)::??
000156 0x1146D3A8 0x00000038 0x1146D398 0x00000058 0x00000000 new         N       N    ??(00000)::??
000016 0x0146D3A8 0x000001F4 0x0146D398 0x00000214 0x000001EC new[]       N       N    ??(00000)::??
000210 0x1146D468 0x00000038 0x1146D458 0x00000058 0x00000000 new         N       N    ??(00000)::??
000249 0x112ED5D0 0x00000238 0x112ED5C0 0x00000258 0x000000A0 new         N       N    ??(00000)::??
000259 0x1146D828 0x00000038 0x1146D818 0x00000058 0x00000000 new         N       N    ??(00000)::??
000176 0x1146D8E8 0x00000038 0x1146D8D8 0x00000058 0x00000000 new         N       N    ??(00000)::??
000087 0x1146DAC8 0x00000038 0x1146DAB8 0x00000058 0x00000000 new         N       N    ??(00000)::??
000121 0x1146DBE8 0x00000038 0x1146DBD8 0x00000058 0x00000000 new         N       N    ??(00000)::??
000214 0x1171DEE0 0x000000D4 0x1171DED0 0x000000F4 0x00000000 new         N       N    ??(00000)::??
000366 0x1ACADFC8 0x00075F30 0x1ACADFB8 0x00075F50 0x00000000 new[]       N       N    ??(00000)::??
000369 0x2273E030 0x00170DF8 0x2273E020 0x00170E18 0x000A7480 new[]       N       N    ??(00000)::??
000294 0x1B24E510 0x00003960 0x1B24E500 0x00003980 0x00000000 new[]       N       N    ??(00000)::??
000260 0x1AF8E648 0x00001068 0x1AF8E638 0x00001088 0x00000000 new[]       N       N    ??(00000)::??
000146 0x1175ED38 0x00000238 0x1175ED28 0x00000258 0x000000A0 new         N       N    ??(00000)::??
000243 0x213FF030 0x001E58DE 0x213FF020 0x001E58FE 0x00000000 new[]       N       N    ??(00000)::??
000196 0x1E87F030 0x0033DF80 0x1E87F020 0x0033DFA0 0x002F8CE0 new[]       N       N    ??(00000)::??
000308 0x10C5F098 0x00000020 0x10C5F088 0x00000040 0x00000000 new         N       N    ??(00000)::??
000309 0x10C5F2D8 0x00000020 0x10C5F2C8 0x00000040 0x00000000 new         N       N    ??(00000)::??
000310 0x10C5F320 0x00000020 0x10C5F310 0x00000040 0x00000000 new         N       N    ??(00000)::??
000274 0x10C5FA28 0x00000020 0x10C5FA18 0x00000040 0x00000000 new         N       N    ??(00000)::??
000286 0x10C5FA70 0x0000001C 0x10C5FA60 0x0000003C 0x00000000 new         N       N    ??(00000)::??
000377 0x0147FC90 0x00000030 0x0147FC80 0x00000050 0x00000008 new         N       N    ??(00000)::??
000077 0x1144FCE0 0x00000238 0x1144FCD0 0x00000258 0x000000A0 new         N       N    ??(00000)::??
000319 0x10C5FCF8 0x00000020 0x10C5FCE8 0x00000040 0x00000000 new         N       N    ??(00000)::??
000284 0x10C5FE18 0x00000020 0x10C5FE08 0x00000040 0x00000000 new         N       N    ??(00000)::??
000321 0x10C5FE60 0x0000001C 0x10C5FE50 0x0000003C 0x00000000 new         N       N    ??(00000)::??
000111 0x1144FF40 0x00000238 0x1144FF30 0x00000258 0x000000A0 new         N       N    ??(00000)::??
