 ---------------------------------------------------------------------------------------------------------------------------------- 
|                                          Memory leak report for:  01/24/2024 23:16:41                                            |
 ---------------------------------------------------------------------------------------------------------------------------------- 


282 memory leaks found:

Alloc.   Addr       Size       Addr       Size                        BreakOn BreakOn              
Number Reported   Reported    Actual     Actual     Unused    Method  Dealloc Realloc Allocated by 
------ ---------- ---------- ---------- ---------- ---------- -------- ------- ------- --------------------------------------------------- 
000282 0x1EB60050 0x000A88A0 0x1EB60040 0x000A88C0 0x00000000 new[]       N       N    ??(00000)::??
000210 0x1C910078 0x00035FD0 0x1C910068 0x00035FF0 0x00000000 new[]       N       N    ??(00000)::??
000563 0x1CBC0110 0x00000018 0x1CBC0100 0x00000038 0x00000000 new         N       N    ??(00000)::??
000701 0x1CBC0178 0x0000001C 0x1CBC0168 0x0000003C 0x00000000 new         N       N    ??(00000)::??
000278 0x1CBC0450 0x00000018 0x1CBC0440 0x00000038 0x00000000 new         N       N    ??(00000)::??
000635 0x1CBC04B8 0x00000018 0x1CBC04A8 0x00000038 0x00000000 new         N       N    ??(00000)::??
000273 0x1CBC0588 0x0000001C 0x1CBC0578 0x0000003C 0x00000000 new         N       N    ??(00000)::??
000402 0x22B10E38 0x00000154 0x22B10E28 0x00000174 0x00000018 new         N       N    ??(00000)::??
000673 0x1C441050 0x0008C02C 0x1C441040 0x0008C04C 0x00000000 new[]       N       N    ??(00000)::??
000430 0x22271050 0x00331980 0x22271040 0x003319A0 0x002ED760 new[]       N       N    ??(00000)::??
000709 0x1CB01278 0x00000008 0x1CB01268 0x00000028 0x00000000 new         N       N    ??(00000)::??
000636 0x23111728 0x0000003C 0x23111718 0x0000005C 0x00000000 new         N       N    ??(00000)::??
000260 0x1CD61DD8 0x00000154 0x1CD61DC8 0x00000174 0x00000018 new         N       N    ??(00000)::??
000708 0x23111F20 0x0000003C 0x23111F10 0x0000005C 0x00000000 new         N       N    ??(00000)::??
000745 0x1CD61F78 0x0003DF31 0x1CD61F68 0x0003DF51 0x00000000 new[]       N       N    ??(00000)::??
000716 0x1F712050 0x000FAEC0 0x1F712040 0x000FAEE0 0x00000000 new[]       N       N    ??(00000)::??
000324 0x11402160 0x0000003C 0x11402150 0x0000005C 0x00000000 new         N       N    ??(00000)::??
000410 0x11E523C0 0x000000D4 0x11E523B0 0x000000F4 0x00000000 new         N       N    ??(00000)::??
000208 0x11402848 0x0000003C 0x11402838 0x0000005C 0x00000000 new         N       N    ??(00000)::??
000565 0x114028D0 0x0000003C 0x114028C0 0x0000005C 0x00000000 new         N       N    ??(00000)::??
000494 0x10A62C08 0x0000003C 0x10A62BF8 0x0000005C 0x00000000 new         N       N    ??(00000)::??
000137 0x11402C00 0x0000003C 0x11402BF0 0x0000005C 0x00000000 new         N       N    ??(00000)::??
000395 0x11402D98 0x0000003C 0x11402D88 0x0000005C 0x00000000 new         N       N    ??(00000)::??
000188 0x11E02E60 0x00000154 0x11E02E50 0x00000174 0x00000018 new         N       N    ??(00000)::??
000280 0x11402F30 0x0000003C 0x11402F20 0x0000005C 0x00000000 new         N       N    ??(00000)::??
000459 0x23E03050 0x001E58DE 0x23E03040 0x001E58FE 0x00000000 new[]       N       N    ??(00000)::??
000359 0x21713050 0x0013B128 0x21713040 0x0013B148 0x0008A540 new[]       N       N    ??(00000)::??
000358 0x213C3050 0x0033DF80 0x213C3040 0x0033DFA0 0x002F8CE0 new[]       N       N    ??(00000)::??
000351 0x1EDD3050 0x000CF7E0 0x1EDD3040 0x000CF800 0x00000000 new[]       N       N    ??(00000)::??
000130 0x11403478 0x0000001C 0x11403468 0x0000003C 0x00000000 new         N       N    ??(00000)::??
000622 0x23113540 0x00000008 0x23113530 0x00000028 0x00000000 new         N       N    ??(00000)::??
000689 0x23113598 0x00000008 0x23113588 0x00000028 0x00000000 new         N       N    ??(00000)::??
000685 0x231135F0 0x00000008 0x231135E0 0x00000028 0x00000000 new         N       N    ??(00000)::??
000621 0x23113648 0x00000008 0x23113638 0x00000028 0x00000000 new         N       N    ??(00000)::??
000690 0x231136A0 0x00000008 0x23113690 0x00000028 0x00000000 new         N       N    ??(00000)::??
000616 0x231136F8 0x00000008 0x231136E8 0x00000028 0x00000000 new         N       N    ??(00000)::??
000618 0x23113750 0x00000008 0x23113740 0x00000028 0x00000000 new         N       N    ??(00000)::??
000620 0x231137A8 0x00000008 0x23113798 0x00000028 0x00000000 new         N       N    ??(00000)::??
000687 0x23113800 0x00000008 0x231137F0 0x00000028 0x00000000 new         N       N    ??(00000)::??
000691 0x23113858 0x00000008 0x23113848 0x00000028 0x00000000 new         N       N    ??(00000)::??
000686 0x231138B0 0x00000008 0x231138A0 0x00000028 0x00000000 new         N       N    ??(00000)::??
000615 0x23113908 0x00000008 0x231138F8 0x00000028 0x00000000 new         N       N    ??(00000)::??
000693 0x23113960 0x00000008 0x23113950 0x00000028 0x00000000 new         N       N    ??(00000)::??
000692 0x231139B8 0x00000008 0x231139A8 0x00000028 0x00000000 new         N       N    ??(00000)::??
000566 0x23113A10 0x00000008 0x23113A00 0x00000028 0x00000000 new         N       N    ??(00000)::??
000695 0x23113A68 0x00000008 0x23113A58 0x00000028 0x00000000 new         N       N    ??(00000)::??
000637 0x23113B18 0x00000008 0x23113B08 0x00000028 0x00000000 new         N       N    ??(00000)::??
000614 0x23113B70 0x00000008 0x23113B60 0x00000028 0x00000000 new         N       N    ??(00000)::??
000624 0x23113BC8 0x00000008 0x23113BB8 0x00000028 0x00000000 new         N       N    ??(00000)::??
000619 0x23113C78 0x00000008 0x23113C68 0x00000028 0x00000000 new         N       N    ??(00000)::??
000201 0x11403DD0 0x0000001C 0x11403DC0 0x0000003C 0x00000000 new         N       N    ??(00000)::??
000135 0x11403E38 0x00000018 0x11403E28 0x00000038 0x00000000 new         N       N    ??(00000)::??
000125 0x115F3E88 0x000000D4 0x115F3E78 0x000000F4 0x00000000 new         N       N    ??(00000)::??
000206 0x11403F08 0x00000018 0x11403EF8 0x00000038 0x00000000 new         N       N    ??(00000)::??
000717 0x25D84050 0x003EBB00 0x25D84040 0x003EBB20 0x003980C4 new[]       N       N    ??(00000)::??
000429 0x22194050 0x000CC660 0x22194040 0x000CC680 0x00000000 new[]       N       N    ??(00000)::??
000387 0x21EC4050 0x001E58DE 0x21EC4040 0x001E58FE 0x00000000 new[]       N       N    ??(00000)::??
000288 0x1EC14050 0x000A88A0 0x1EC14040 0x000A88C0 0x00000000 new[]       N       N    ??(00000)::??
000010 0x01C149A8 0x00000238 0x01C14998 0x00000258 0x000000A0 new         N       N    ??(00000)::??
000575 0x1CAB4F08 0x000067E8 0x1CAB4EF8 0x00006808 0x00002640 new[]       N       N    ??(00000)::??
000718 0x26585050 0x00170DF8 0x26585040 0x00170E18 0x000A7480 new[]       N       N    ??(00000)::??
000368 0x21D15050 0x001A4BD1 0x21D15040 0x001A4BF1 0x00000000 new[]       N       N    ??(00000)::??
000316 0x211D5050 0x001E58DE 0x211D5040 0x001E58FE 0x00000000 new[]       N       N    ??(00000)::??
000218 0x1D8E5050 0x000D7F40 0x1D8E5040 0x000D7F60 0x000C5F58 new[]       N       N    ??(00000)::??
000173 0x1C305050 0x00137D20 0x1C305040 0x00137D40 0x00000000 new[]       N       N    ??(00000)::??
000024 0x01C15888 0x000001F4 0x01C15878 0x00000214 0x00000000 new[]       N       N    ??(00000)::??
000385 0x11C559B0 0x00000030 0x11C559A0 0x00000050 0x0000000C new         N       N    ??(00000)::??
000219 0x1C975A28 0x00065918 0x1C975A18 0x00065938 0x00023FE0 new[]       N       N    ??(00000)::??
000408 0x11C55AB0 0x00000030 0x11C55AA0 0x00000050 0x00000004 new         N       N    ??(00000)::??
000123 0x11C55B30 0x00000030 0x11C55B20 0x00000050 0x00000004 new         N       N    ??(00000)::??
000194 0x11C55BB0 0x00000030 0x11C55BA0 0x00000050 0x00000004 new         N       N    ??(00000)::??
000268 0x11E15BD8 0x000000D4 0x11E15BC8 0x000000F4 0x00000000 new         N       N    ??(00000)::??
000272 0x11C55C30 0x00000030 0x11C55C20 0x00000050 0x00000000 new         N       N    ??(00000)::??
000312 0x11C55CB0 0x00000030 0x11C55CA0 0x00000050 0x0000000C new         N       N    ??(00000)::??
000200 0x11C55D30 0x00000030 0x11C55D20 0x00000050 0x00000000 new         N       N    ??(00000)::??
000281 0x11E15D50 0x00000008 0x11E15D40 0x00000028 0x00000000 new         N       N    ??(00000)::??
000688 0x11F15D68 0x00000154 0x11F15D58 0x00000174 0x00000018 new         N       N    ??(00000)::??
000549 0x11E15DA8 0x00000008 0x11E15D98 0x00000028 0x00000000 new         N       N    ??(00000)::??
000343 0x11C55DB0 0x00000030 0x11C55DA0 0x00000050 0x00000000 new         N       N    ??(00000)::??
000550 0x11E15E00 0x00000008 0x11E15DF0 0x00000028 0x00000000 new         N       N    ??(00000)::??
000383 0x11C55E30 0x00000030 0x11C55E20 0x00000050 0x0000000C new         N       N    ??(00000)::??
000421 0x11E15E58 0x00000008 0x11E15E48 0x00000028 0x00000000 new         N       N    ??(00000)::??
000471 0x11E15EB0 0x00000008 0x11E15EA0 0x00000028 0x00000000 new         N       N    ??(00000)::??
000696 0x11F15F08 0x000000D4 0x11F15EF8 0x000000F4 0x00000000 new         N       N    ??(00000)::??
000267 0x11E15F08 0x00000008 0x11E15EF8 0x00000028 0x00000000 new         N       N    ??(00000)::??
000528 0x117F5F20 0x00000040 0x117F5F10 0x00000060 0x00000000 new         N       N    ??(00000)::??
000414 0x11C55F30 0x00000030 0x11C55F20 0x00000050 0x00000000 new         N       N    ??(00000)::??
000472 0x11E15F60 0x00000008 0x11E15F50 0x00000028 0x00000000 new         N       N    ??(00000)::??
000329 0x11E15FB8 0x00000008 0x11E15FA8 0x00000028 0x00000000 new         N       N    ??(00000)::??
000473 0x11E16010 0x00000008 0x11E16000 0x00000028 0x00000000 new         N       N    ??(00000)::??
000455 0x11C56030 0x00000030 0x11C56020 0x00000050 0x0000000C new         N       N    ??(00000)::??
000335 0x11E16068 0x00000008 0x11E16058 0x00000028 0x00000000 new         N       N    ??(00000)::??
000216 0x1C946098 0x0002F940 0x1C946088 0x0002F960 0x00000000 new[]       N       N    ??(00000)::??
000396 0x11E160C0 0x00000008 0x11E160B0 0x00000028 0x00000000 new         N       N    ??(00000)::??
000404 0x11E16118 0x00000008 0x11E16108 0x00000028 0x00000000 new         N       N    ??(00000)::??
000486 0x11C56130 0x00000030 0x11C56120 0x00000050 0x00000000 new         N       N    ??(00000)::??
000406 0x11E16170 0x00000008 0x11E16160 0x00000028 0x00000000 new         N       N    ??(00000)::??
000400 0x11E161C8 0x00000008 0x11E161B8 0x00000028 0x00000000 new         N       N    ??(00000)::??
000338 0x11E16220 0x00000008 0x11E16210 0x00000028 0x00000000 new         N       N    ??(00000)::??
000241 0x11C56230 0x00000030 0x11C56220 0x00000050 0x00000000 new         N       N    ??(00000)::??
000264 0x11E16278 0x00000008 0x11E16268 0x00000028 0x00000000 new         N       N    ??(00000)::??
000475 0x11E162D0 0x00000008 0x11E162C0 0x00000028 0x00000000 new         N       N    ??(00000)::??
000476 0x11E16328 0x00000008 0x11E16318 0x00000028 0x00000000 new         N       N    ??(00000)::??
000645 0x1CEC6358 0x00015960 0x1CEC6348 0x00015980 0x00013C98 new[]       N       N    ??(00000)::??
000325 0x11E16380 0x00000008 0x11E16370 0x00000028 0x00000000 new         N       N    ??(00000)::??
000243 0x11C563B0 0x00000030 0x11C563A0 0x00000050 0x00000000 new         N       N    ??(00000)::??
000399 0x11E163D8 0x00000008 0x11E163C8 0x00000028 0x00000000 new         N       N    ??(00000)::??
000496 0x11E46408 0x00001068 0x11E463F8 0x00001088 0x00000000 new[]       N       N    ??(00000)::??
000551 0x11C56430 0x00000030 0x11C56420 0x00000050 0x00000004 new         N       N    ??(00000)::??
000526 0x117F6430 0x00000040 0x117F6420 0x00000060 0x00000000 new         N       N    ??(00000)::??
000333 0x11E16430 0x00000008 0x11E16420 0x00000028 0x00000000 new         N       N    ??(00000)::??
000401 0x11E16488 0x00000008 0x11E16478 0x00000028 0x00000000 new         N       N    ??(00000)::??
000480 0x11C564B0 0x00000030 0x11C564A0 0x00000050 0x00000004 new         N       N    ??(00000)::??
000407 0x11E164E0 0x00000008 0x11E164D0 0x00000028 0x00000000 new         N       N    ??(00000)::??
000557 0x11C56530 0x00000030 0x11C56520 0x00000050 0x00000000 new         N       N    ??(00000)::??
000552 0x11E16538 0x00000008 0x11E16528 0x00000028 0x00000000 new         N       N    ??(00000)::??
000332 0x11E16590 0x00000008 0x11E16580 0x00000028 0x00000000 new         N       N    ??(00000)::??
000265 0x11E165E8 0x00000008 0x11E165D8 0x00000028 0x00000000 new         N       N    ??(00000)::??
000337 0x11C56630 0x00000030 0x11C56620 0x00000050 0x00000004 new         N       N    ??(00000)::??
000334 0x11E16640 0x00000008 0x11E16630 0x00000028 0x00000000 new         N       N    ??(00000)::??
000336 0x11E16698 0x00000008 0x11E16688 0x00000028 0x00000000 new         N       N    ??(00000)::??
000266 0x11C566B0 0x00000030 0x11C566A0 0x00000050 0x00000004 new         N       N    ??(00000)::??
000405 0x11E166F0 0x00000008 0x11E166E0 0x00000028 0x00000000 new         N       N    ??(00000)::??
000457 0x11C56730 0x00000030 0x11C56720 0x00000050 0x0000000C new         N       N    ??(00000)::??
000328 0x11E16748 0x00000008 0x11E16738 0x00000028 0x00000000 new         N       N    ??(00000)::??
000330 0x11E167A0 0x00000008 0x11E16790 0x00000028 0x00000000 new         N       N    ??(00000)::??
000129 0x11C567B0 0x00000030 0x11C567A0 0x00000050 0x00000000 new         N       N    ??(00000)::??
000403 0x11E167F8 0x00000008 0x11E167E8 0x00000028 0x00000000 new         N       N    ??(00000)::??
000314 0x11C56830 0x00000030 0x11C56820 0x00000050 0x0000000C new         N       N    ??(00000)::??
000544 0x11E16850 0x00000008 0x11E16840 0x00000028 0x00000000 new         N       N    ??(00000)::??
000546 0x11E168A8 0x00000008 0x11E16898 0x00000028 0x00000000 new         N       N    ??(00000)::??
000495 0x11E16900 0x00000008 0x11E168F0 0x00000028 0x00000000 new         N       N    ??(00000)::??
000547 0x11E16958 0x00000008 0x11E16948 0x00000028 0x00000000 new         N       N    ??(00000)::??
000548 0x11E169B0 0x00000008 0x11E169A0 0x00000028 0x00000000 new         N       N    ??(00000)::??
000481 0x11E16A08 0x00000008 0x11E169F8 0x00000028 0x00000000 new         N       N    ??(00000)::??
000409 0x11E16A60 0x00000008 0x11E16A50 0x00000028 0x00000000 new         N       N    ??(00000)::??
000542 0x11E16B10 0x00000008 0x11E16B00 0x00000028 0x00000000 new         N       N    ??(00000)::??
000477 0x11E16B68 0x00000008 0x11E16B58 0x00000028 0x00000000 new         N       N    ??(00000)::??
000543 0x11E16C18 0x00000008 0x11E16C08 0x00000028 0x00000000 new         N       N    ??(00000)::??
000479 0x11E16C70 0x00000008 0x11E16C60 0x00000028 0x00000000 new         N       N    ??(00000)::??
000217 0x1CC66C98 0x00035FD0 0x1CC66C88 0x00035FF0 0x00000000 new[]       N       N    ??(00000)::??
000478 0x11E16CC8 0x00000008 0x11E16CB8 0x00000028 0x00000000 new         N       N    ??(00000)::??
000145 0x11E16D28 0x00000330 0x11E16D18 0x00000350 0x00000000 new[]       N       N    ??(00000)::??
000331 0x1D846E80 0x00000154 0x1D846E70 0x00000174 0x00000018 new         N       N    ??(00000)::??
000422 0x220B7050 0x000CC660 0x220B7040 0x000CC680 0x00000000 new[]       N       N    ??(00000)::??
000356 0x1CDE7058 0x0006B940 0x1CDE7048 0x0006B960 0x00000000 new[]       N       N    ??(00000)::??
000154 0x1BFB7050 0x0012CCA1 0x1BFB7040 0x0012CCC1 0x00000000 new[]       N       N    ??(00000)::??
000146 0x11E57170 0x00000CC0 0x11E57160 0x00000CE0 0x00000BB8 new[]       N       N    ??(00000)::??
000171 0x11E174F0 0x00000050 0x11E174E0 0x00000070 0x0000000C new         N       N    ??(00000)::??
000196 0x11E17598 0x000000D4 0x11E17588 0x000000F4 0x00000000 new         N       N    ??(00000)::??
000725 0x1D067668 0x00038215 0x1D067658 0x00038235 0x00000000 new[]       N       N    ??(00000)::??
000545 0x11E176B8 0x00000154 0x11E176A8 0x00000174 0x00000018 new         N       N    ??(00000)::??
000553 0x11E17858 0x000000D4 0x11E17848 0x000000F4 0x00000000 new         N       N    ??(00000)::??
000502 0x1CB87EB0 0x00001068 0x1CB87EA0 0x00001088 0x00000000 new[]       N       N    ??(00000)::??
000710 0x1F048050 0x000FAEC0 0x1F048040 0x000FAEE0 0x00000000 new[]       N       N    ??(00000)::??
000147 0x11E58130 0x000004D0 0x11E58120 0x000004F0 0x00000220 new[]       N       N    ??(00000)::??
000654 0x1CA281A8 0x0007D0AB 0x1CA28198 0x0007D0CB 0x00000000 new[]       N       N    ??(00000)::??
000715 0x238A8D28 0x00075F30 0x238A8D18 0x00075F50 0x00000000 new[]       N       N    ??(00000)::??
000643 0x1CB88F68 0x00002538 0x1CB88F58 0x00002558 0x00000000 new[]       N       N    ??(00000)::??
000503 0x1D049420 0x000041A0 0x1D049410 0x000041C0 0x00003C30 new[]       N       N    ??(00000)::??
000255 0x10A396F0 0x00000064 0x10A396E0 0x00000084 0x00000000 new         N       N    ??(00000)::??
000683 0x10A39850 0x00000064 0x10A39840 0x00000084 0x00000000 new         N       N    ??(00000)::??
000583 0x23849948 0x00002EEE 0x23849938 0x00002F0E 0x00000000 new[]       N       N    ??(00000)::??
000112 0x10A39B10 0x00000064 0x10A39B00 0x00000084 0x00000000 new         N       N    ??(00000)::??
000326 0x10A39BC0 0x00000064 0x10A39BB0 0x00000084 0x00000000 new         N       N    ??(00000)::??
000397 0x10A39C70 0x00000064 0x10A39C60 0x00000084 0x00000000 new         N       N    ??(00000)::??
000469 0x10A39E80 0x00000064 0x10A39E70 0x00000084 0x00000000 new         N       N    ??(00000)::??
000629 0x231A9FA8 0x00000030 0x231A9F98 0x00000050 0x00000000 new         N       N    ??(00000)::??
000540 0x10A39FE0 0x00000064 0x10A39FD0 0x00000084 0x00000000 new         N       N    ??(00000)::??
000530 0x1F57A050 0x00185945 0x1F57A040 0x00185965 0x00000000 new[]       N       N    ??(00000)::??
000511 0x1EEBA050 0x0017F4D5 0x1EEBA040 0x0017F4F5 0x00000000 new[]       N       N    ??(00000)::??
000431 0x23AEA050 0x00149E88 0x23AEA040 0x00149EA8 0x00088440 new[]       N       N    ??(00000)::??
000290 0x1ECCA050 0x000FCCF8 0x1ECCA040 0x000FCD18 0x000705C0 new[]       N       N    ??(00000)::??
000644 0x1CBAA088 0x00005658 0x1CBAA078 0x00005678 0x00000000 new[]       N       N    ??(00000)::??
000172 0x11AAA088 0x00000004 0x11AAA078 0x00000024 0x00000000 new         N       N    ??(00000)::??
000612 0x10A3A140 0x00000064 0x10A3A130 0x00000084 0x00000000 new         N       N    ??(00000)::??
000670 0x231AA1A8 0x00000030 0x231AA198 0x00000050 0x00000004 new         N       N    ??(00000)::??
000743 0x231AA2A8 0x00000030 0x231AA298 0x00000050 0x00000008 new         N       N    ??(00000)::??
000183 0x10A3A2A0 0x00000064 0x10A3A290 0x00000084 0x00000000 new         N       N    ??(00000)::??
000315 0x11AAA358 0x00000004 0x11AAA348 0x00000024 0x00000000 new         N       N    ??(00000)::??
000741 0x231AA428 0x00000030 0x231AA418 0x00000050 0x00000008 new         N       N    ??(00000)::??
000529 0x11AAA448 0x00000004 0x11AAA438 0x00000024 0x00000000 new         N       N    ??(00000)::??
000458 0x11AAA4E8 0x00000004 0x11AAA4D8 0x00000024 0x00000000 new         N       N    ??(00000)::??
000623 0x231AA528 0x00000030 0x231AA518 0x00000050 0x00000004 new         N       N    ??(00000)::??
000386 0x11AAA538 0x00000004 0x11AAA528 0x00000024 0x00000000 new         N       N    ??(00000)::??
000244 0x11AAA588 0x00000004 0x11AAA578 0x00000024 0x00000000 new         N       N    ??(00000)::??
000700 0x231AA6A8 0x00000030 0x231AA698 0x00000050 0x00000000 new         N       N    ??(00000)::??
000694 0x231AA728 0x00000030 0x231AA718 0x00000050 0x00000004 new         N       N    ??(00000)::??
000574 0x2319A7A8 0x0000E580 0x2319A798 0x0000E5A0 0x0000D260 new[]       N       N    ??(00000)::??
000671 0x231AAA28 0x00000030 0x231AAA18 0x00000050 0x0000000C new         N       N    ??(00000)::??
000672 0x11AAAA38 0x00000004 0x11AAAA28 0x00000024 0x00000000 new         N       N    ??(00000)::??
000742 0x231AAAA8 0x00000030 0x231AAA98 0x00000050 0x00000008 new         N       N    ??(00000)::??
000504 0x11E6AB70 0x00002060 0x11E6AB60 0x00002080 0x00000AF0 new[]       N       N    ??(00000)::??
000669 0x231AAC28 0x00000030 0x231AAC18 0x00000050 0x0000000C new         N       N    ??(00000)::??
000617 0x231AAD80 0x00000154 0x231AAD70 0x00000174 0x00000018 new         N       N    ??(00000)::??
000601 0x11AAADA8 0x00000004 0x11AAAD98 0x00000024 0x00000000 new         N       N    ??(00000)::??
000625 0x231AAF20 0x000000D4 0x231AAF10 0x000000F4 0x00000000 new         N       N    ??(00000)::??
000744 0x11AAAF38 0x00000004 0x11AAAF28 0x00000024 0x00000000 new         N       N    ??(00000)::??
000572 0x11F0AF98 0x00002E80 0x11F0AF88 0x00002EA0 0x00000000 new[]       N       N    ??(00000)::??
000287 0x230BB038 0x00054450 0x230BB028 0x00054470 0x00000000 new[]       N       N    ??(00000)::??
000117 0x117EB0D0 0x00000154 0x117EB0C0 0x00000174 0x00000018 new         N       N    ??(00000)::??
000602 0x1CABB740 0x000019DC 0x1CABB730 0x000019FC 0x00000000 new[]       N       N    ??(00000)::??
000144 0x118FBDF0 0x00000198 0x118FBDE0 0x000001B8 0x00000000 new[]       N       N    ??(00000)::??
000567 0x1CB7BEA0 0x00003960 0x1CB7BE90 0x00003980 0x00000000 new[]       N       N    ??(00000)::??
000440 0x23C4C050 0x001A4BD1 0x23C4C040 0x001A4BF1 0x00000000 new[]       N       N    ??(00000)::??
000357 0x1F49C050 0x000CF7E0 0x1F49C040 0x000CF800 0x00000000 new[]       N       N    ??(00000)::??
000297 0x1F19C050 0x001A4BD1 0x1F19C040 0x001A4BF1 0x00000000 new[]       N       N    ??(00000)::??
000245 0x1E20C050 0x009480E4 0x1E20C040 0x00948104 0x00000000 new[]       N       N    ??(00000)::??
000226 0x1D9CC050 0x00830591 0x1D9CC040 0x008305B1 0x00000000 new[]       N       N    ??(00000)::??
000638 0x2324C4F0 0x00005658 0x2324C4E0 0x00005678 0x00000000 new[]       N       N    ??(00000)::??
000126 0x0864C658 0x00000238 0x0864C648 0x00000258 0x000000A0 new         N       N    ??(00000)::??
000242 0x11AAD000 0x00000020 0x11AACFF0 0x00000040 0x00000000 new         N       N    ??(00000)::??
000313 0x11AAD070 0x00000020 0x11AAD060 0x00000040 0x00000000 new         N       N    ??(00000)::??
000384 0x11AAD0E0 0x00000020 0x11AAD0D0 0x00000040 0x00000000 new         N       N    ??(00000)::??
000170 0x11AAD1C0 0x00000020 0x11AAD1B0 0x00000040 0x00000000 new         N       N    ??(00000)::??
000627 0x11AAD230 0x00000020 0x11AAD220 0x00000040 0x00000000 new         N       N    ??(00000)::??
000340 0x0864D300 0x00000238 0x0864D2F0 0x00000258 0x000000A0 new         N       N    ??(00000)::??
000598 0x11AAD310 0x00000020 0x11AAD300 0x00000040 0x00000000 new         N       N    ??(00000)::??
000599 0x11AAD380 0x00000020 0x11AAD370 0x00000040 0x00000000 new         N       N    ??(00000)::??
000698 0x11AAD3F0 0x00000020 0x11AAD3E0 0x00000040 0x00000000 new         N       N    ??(00000)::??
000600 0x11AAD460 0x00000020 0x11AAD450 0x00000040 0x00000000 new         N       N    ??(00000)::??
000456 0x11AAD5B0 0x00000020 0x11AAD5A0 0x00000040 0x00000000 new         N       N    ??(00000)::??
000198 0x11AAD700 0x00000020 0x11AAD6F0 0x00000040 0x00000000 new         N       N    ??(00000)::??
000270 0x11AAD7E0 0x00000020 0x11AAD7D0 0x00000040 0x00000000 new         N       N    ??(00000)::??
000411 0x0864D810 0x00000238 0x0864D800 0x00000258 0x000000A0 new         N       N    ??(00000)::??
000555 0x11AAD930 0x00000020 0x11AAD920 0x00000040 0x00000000 new         N       N    ??(00000)::??
000341 0x11AAD9A0 0x00000020 0x11AAD990 0x00000040 0x00000000 new         N       N    ??(00000)::??
000483 0x0864DA98 0x00000238 0x0864DA88 0x00000258 0x000000A0 new         N       N    ??(00000)::??
000127 0x11AADAF0 0x00000020 0x11AADAE0 0x00000040 0x00000000 new         N       N    ??(00000)::??
000484 0x11AADB60 0x00000020 0x11AADB50 0x00000040 0x00000000 new         N       N    ??(00000)::??
000527 0x11AADBD0 0x00000020 0x11AADBC0 0x00000040 0x00000000 new         N       N    ??(00000)::??
000412 0x11AADCB0 0x00000020 0x11AADCA0 0x00000040 0x00000000 new         N       N    ??(00000)::??
000554 0x0864DD20 0x00000238 0x0864DD10 0x00000258 0x000000A0 new         N       N    ??(00000)::??
000573 0x11F0DE68 0x00003960 0x11F0DE58 0x00003980 0x00000000 new[]       N       N    ??(00000)::??
000626 0x0864DFA8 0x00000238 0x0864DF98 0x00000258 0x000000A0 new         N       N    ??(00000)::??
000124 0x11AAE008 0x00000008 0x11AADFF8 0x00000028 0x00000000 new         N       N    ??(00000)::??
000257 0x11AAE110 0x00000008 0x11AAE100 0x00000028 0x00000000 new         N       N    ??(00000)::??
000258 0x11AAE168 0x00000008 0x11AAE158 0x00000028 0x00000000 new         N       N    ??(00000)::??
000209 0x11AAE1C0 0x00000008 0x11AAE1B0 0x00000028 0x00000000 new         N       N    ??(00000)::??
000259 0x11AAE3D0 0x00000008 0x11AAE3C0 0x00000028 0x00000000 new         N       N    ??(00000)::??
000269 0x0864E4B8 0x00000238 0x0864E4A8 0x00000258 0x000000A0 new         N       N    ??(00000)::??
000114 0x11AAE638 0x00000008 0x11AAE628 0x00000028 0x00000000 new         N       N    ??(00000)::??
000474 0x1CC5E6A8 0x00000154 0x1CC5E698 0x00000174 0x00000018 new         N       N    ??(00000)::??
000115 0x11AAE7F0 0x00000008 0x11AAE7E0 0x00000028 0x00000000 new         N       N    ??(00000)::??
000116 0x11AAE848 0x00000008 0x11AAE838 0x00000028 0x00000000 new         N       N    ??(00000)::??
000118 0x11AAE8A0 0x00000008 0x11AAE890 0x00000028 0x00000000 new         N       N    ??(00000)::??
000119 0x11AAE8F8 0x00000008 0x11AAE8E8 0x00000028 0x00000000 new         N       N    ??(00000)::??
000120 0x11AAE950 0x00000008 0x11AAE940 0x00000028 0x00000000 new         N       N    ??(00000)::??
000121 0x11AAEA00 0x00000008 0x11AAE9F0 0x00000028 0x00000000 new         N       N    ??(00000)::??
000122 0x11AAEA58 0x00000008 0x11AAEA48 0x00000028 0x00000000 new         N       N    ??(00000)::??
000263 0x11AAEB08 0x00000008 0x11AAEAF8 0x00000028 0x00000000 new         N       N    ??(00000)::??
000185 0x11AAEB60 0x00000008 0x11AAEB50 0x00000028 0x00000000 new         N       N    ??(00000)::??
000186 0x11AAEBB8 0x00000008 0x11AAEBA8 0x00000028 0x00000000 new         N       N    ??(00000)::??
000187 0x11AAEC10 0x00000008 0x11AAEC00 0x00000028 0x00000000 new         N       N    ??(00000)::??
000191 0x11AAEC68 0x00000008 0x11AAEC58 0x00000028 0x00000000 new         N       N    ??(00000)::??
000138 0x11AAECC0 0x00000008 0x11AAECB0 0x00000028 0x00000000 new         N       N    ??(00000)::??
000189 0x11AAED18 0x00000008 0x11AAED08 0x00000028 0x00000000 new         N       N    ??(00000)::??
000190 0x11AAED70 0x00000008 0x11AAED60 0x00000028 0x00000000 new         N       N    ??(00000)::??
000193 0x11AAEDC8 0x00000008 0x11AAEDB8 0x00000028 0x00000000 new         N       N    ??(00000)::??
000195 0x11AAEE20 0x00000008 0x11AAEE10 0x00000028 0x00000000 new         N       N    ??(00000)::??
000261 0x11AAEE78 0x00000008 0x11AAEE68 0x00000028 0x00000000 new         N       N    ??(00000)::??
000339 0x1CC5EEF8 0x000000D4 0x1CC5EEE8 0x000000F4 0x00000000 new         N       N    ??(00000)::??
000262 0x11AAEF28 0x00000008 0x11AAEF18 0x00000028 0x00000000 new         N       N    ??(00000)::??
000192 0x11AAEF80 0x00000008 0x11AAEF70 0x00000028 0x00000000 new         N       N    ??(00000)::??
000289 0x20F1F050 0x002A2280 0x20F1F040 0x002A22A0 0x00269FA0 new[]       N       N    ??(00000)::??
000428 0x1CFBF358 0x0007D820 0x1CFBF348 0x0007D840 0x00000000 new[]       N       N    ??(00000)::??
000197 0x0864F670 0x00000238 0x0864F660 0x00000258 0x000000A0 new         N       N    ??(00000)::??
000169 0x11E3F6C8 0x00000050 0x11E3F6B8 0x00000070 0x0000000C new         N       N    ??(00000)::??
000646 0x1CBAF730 0x00007B98 0x1CBAF720 0x00007BB8 0x00003990 new[]       N       N    ??(00000)::??
000501 0x11E3F768 0x00000FF0 0x11E3F758 0x00001010 0x00000000 new[]       N       N    ??(00000)::??
000482 0x1CBBF778 0x000000D4 0x1CBBF768 0x000000F4 0x00000000 new         N       N    ??(00000)::??
000697 0x0864F8F8 0x00000238 0x0864F8E8 0x00000258 0x000000A0 new         N       N    ??(00000)::??
000492 0x1CBBF9C0 0x00000018 0x1CBBF9B0 0x00000038 0x00000000 new         N       N    ??(00000)::??
000706 0x1CBBFA28 0x00000018 0x1CBBFA18 0x00000038 0x00000000 new         N       N    ??(00000)::??
000344 0x1CBBFA90 0x0000001C 0x1CBBFA80 0x0000003C 0x00000000 new         N       N    ??(00000)::??
000630 0x1CBBFAF8 0x0000001C 0x1CBBFAE8 0x0000003C 0x00000000 new         N       N    ??(00000)::??
000139 0x11C4FC90 0x00000330 0x11C4FC80 0x00000350 0x00000000 new[]       N       N    ??(00000)::??
000349 0x1CBBFD00 0x00000018 0x1CBBFCF0 0x00000038 0x00000000 new         N       N    ??(00000)::??
000415 0x1CBBFD68 0x0000001C 0x1CBBFD58 0x0000003C 0x00000000 new         N       N    ??(00000)::??
000420 0x1CBBFDD0 0x00000018 0x1CBBFDC0 0x00000038 0x00000000 new         N       N    ??(00000)::??
000487 0x1CBBFE38 0x0000001C 0x1CBBFE28 0x0000003C 0x00000000 new         N       N    ??(00000)::??
000558 0x1CBBFEA0 0x0000001C 0x1CBBFE90 0x0000003C 0x00000000 new         N       N    ??(00000)::??
